  Building Custom Rule C:/Users/lukas/Documents/Bachelorarbeit/VulkanBase/lib/gdcm-3.0.10/Utilities/gdcmjpeg/8/CMakeLists.txt
  jmemnobs.c
  jcomapi.c
  jutils.c
  jerror.c
  jmemmgr.c
C:\Users\lukas\Documents\Bachelorarbeit\VulkanBase\lib\gdcm-3.0.10\Utilities\gdcmjpeg\jmemmgr.c(307,53): warning C4267: "+=": Konvertierung von "size_t" nach "long", Datenverlust möglich
C:\Users\lukas\Documents\Bachelorarbeit\VulkanBase\lib\gdcm-3.0.10\Utilities\gdcmjpeg\jmemmgr.c(367,70): warning C4267: "+=": Konvertierung von "size_t" nach "long", Datenverlust möglich
C:\Users\lukas\Documents\Bachelorarbeit\VulkanBase\lib\gdcm-3.0.10\Utilities\gdcmjpeg\jmemmgr.c(1029,46): warning C4267: "-=": Konvertierung von "size_t" nach "long", Datenverlust möglich
C:\Users\lukas\Documents\Bachelorarbeit\VulkanBase\lib\gdcm-3.0.10\Utilities\gdcmjpeg\jmemmgr.c(1043,46): warning C4267: "-=": Konvertierung von "size_t" nach "long", Datenverlust möglich
  jcapimin.c
  jcapistd.c
  jctrans.c
  jcparam.c
  jcinit.c
  jcmaster.c
  jcmarker.c
  jcmainct.c
  jcprepct.c
  jccoefct.c
  jccolor.c
  jcsample.c
  jchuff.c
  jcphuff.c
  jcdctmgr.c
  Code wird generiert...
  Kompilieren...
  jfdctfst.c
  jfdctflt.c
  jdatadst.c
  jdapimin.c
  jdapistd.c
  jdtrans.c
  jdmaster.c
  jdinput.c
  jdmarker.c
  jdhuff.c
  jdphuff.c
C:\Users\lukas\Documents\Bachelorarbeit\VulkanBase\lib\gdcm-3.0.10\Utilities\gdcmjpeg\jdphuff.c(215,10): warning C4146: Einem vorzeichenlosen Typ wurde ein unärer Minus-Operator zugewiesen. Das Ergebnis ist weiterhin vorzeichenlos.
C:\Users\lukas\Documents\Bachelorarbeit\VulkanBase\lib\gdcm-3.0.10\Utilities\gdcmjpeg\jdphuff.c(215,26): warning C4146: Einem vorzeichenlosen Typ wurde ein unärer Minus-Operator zugewiesen. Das Ergebnis ist weiterhin vorzeichenlos.
C:\Users\lukas\Documents\Bachelorarbeit\VulkanBase\lib\gdcm-3.0.10\Utilities\gdcmjpeg\jdphuff.c(215,42): warning C4146: Einem vorzeichenlosen Typ wurde ein unärer Minus-Operator zugewiesen. Das Ergebnis ist weiterhin vorzeichenlos.
C:\Users\lukas\Documents\Bachelorarbeit\VulkanBase\lib\gdcm-3.0.10\Utilities\gdcmjpeg\jdphuff.c(215,58): warning C4146: Einem vorzeichenlosen Typ wurde ein unärer Minus-Operator zugewiesen. Das Ergebnis ist weiterhin vorzeichenlos.
C:\Users\lukas\Documents\Bachelorarbeit\VulkanBase\lib\gdcm-3.0.10\Utilities\gdcmjpeg\jdphuff.c(216,7): warning C4146: Einem vorzeichenlosen Typ wurde ein unärer Minus-Operator zugewiesen. Das Ergebnis ist weiterhin vorzeichenlos.
C:\Users\lukas\Documents\Bachelorarbeit\VulkanBase\lib\gdcm-3.0.10\Utilities\gdcmjpeg\jdphuff.c(216,23): warning C4146: Einem vorzeichenlosen Typ wurde ein unärer Minus-Operator zugewiesen. Das Ergebnis ist weiterhin vorzeichenlos.
C:\Users\lukas\Documents\Bachelorarbeit\VulkanBase\lib\gdcm-3.0.10\Utilities\gdcmjpeg\jdphuff.c(216,39): warning C4146: Einem vorzeichenlosen Typ wurde ein unärer Minus-Operator zugewiesen. Das Ergebnis ist weiterhin vorzeichenlos.
C:\Users\lukas\Documents\Bachelorarbeit\VulkanBase\lib\gdcm-3.0.10\Utilities\gdcmjpeg\jdphuff.c(216,55): warning C4146: Einem vorzeichenlosen Typ wurde ein unärer Minus-Operator zugewiesen. Das Ergebnis ist weiterhin vorzeichenlos.
C:\Users\lukas\Documents\Bachelorarbeit\VulkanBase\lib\gdcm-3.0.10\Utilities\gdcmjpeg\jdphuff.c(217,7): warning C4146: Einem vorzeichenlosen Typ wurde ein unärer Minus-Operator zugewiesen. Das Ergebnis ist weiterhin vorzeichenlos.
C:\Users\lukas\Documents\Bachelorarbeit\VulkanBase\lib\gdcm-3.0.10\Utilities\gdcmjpeg\jdphuff.c(217,23): warning C4146: Einem vorzeichenlosen Typ wurde ein unärer Minus-Operator zugewiesen. Das Ergebnis ist weiterhin vorzeichenlos.
C:\Users\lukas\Documents\Bachelorarbeit\VulkanBase\lib\gdcm-3.0.10\Utilities\gdcmjpeg\jdphuff.c(217,40): warning C4146: Einem vorzeichenlosen Typ wurde ein unärer Minus-Operator zugewiesen. Das Ergebnis ist weiterhin vorzeichenlos.
C:\Users\lukas\Documents\Bachelorarbeit\VulkanBase\lib\gdcm-3.0.10\Utilities\gdcmjpeg\jdphuff.c(217,57): warning C4146: Einem vorzeichenlosen Typ wurde ein unärer Minus-Operator zugewiesen. Das Ergebnis ist weiterhin vorzeichenlos.
C:\Users\lukas\Documents\Bachelorarbeit\VulkanBase\lib\gdcm-3.0.10\Utilities\gdcmjpeg\jdphuff.c(218,7): warning C4146: Einem vorzeichenlosen Typ wurde ein unärer Minus-Operator zugewiesen. Das Ergebnis ist weiterhin vorzeichenlos.
C:\Users\lukas\Documents\Bachelorarbeit\VulkanBase\lib\gdcm-3.0.10\Utilities\gdcmjpeg\jdphuff.c(218,24): warning C4146: Einem vorzeichenlosen Typ wurde ein unärer Minus-Operator zugewiesen. Das Ergebnis ist weiterhin vorzeichenlos.
C:\Users\lukas\Documents\Bachelorarbeit\VulkanBase\lib\gdcm-3.0.10\Utilities\gdcmjpeg\jdphuff.c(218,41): warning C4146: Einem vorzeichenlosen Typ wurde ein unärer Minus-Operator zugewiesen. Das Ergebnis ist weiterhin vorzeichenlos.
  jdmainct.c
  jdcoefct.c
  jdpostct.c
  jddctmgr.c
  jidctfst.c
  jidctflt.c
  jidctint.c
  jidctred.c
  jdsample.c
  Code wird generiert...
  Kompilieren...
  jdcolor.c
  jquant1.c
  jquant2.c
  jdmerge.c
  jdatasrc.c
  jfdctint.c
  jclossy.c
  jclossls.c
  jcodec.c
  jcscale.c
  jcshuff.c
  jclhuff.c
  jcpred.c
  jcdiffct.c
  jdlossls.c
  jdlossy.c
  jdlhuff.c
C:\Users\lukas\Documents\Bachelorarbeit\VulkanBase\lib\gdcm-3.0.10\Utilities\gdcmjpeg\jdlhuff.c(137,10): warning C4146: Einem vorzeichenlosen Typ wurde ein unärer Minus-Operator zugewiesen. Das Ergebnis ist weiterhin vorzeichenlos.
C:\Users\lukas\Documents\Bachelorarbeit\VulkanBase\lib\gdcm-3.0.10\Utilities\gdcmjpeg\jdlhuff.c(137,26): warning C4146: Einem vorzeichenlosen Typ wurde ein unärer Minus-Operator zugewiesen. Das Ergebnis ist weiterhin vorzeichenlos.
C:\Users\lukas\Documents\Bachelorarbeit\VulkanBase\lib\gdcm-3.0.10\Utilities\gdcmjpeg\jdlhuff.c(137,42): warning C4146: Einem vorzeichenlosen Typ wurde ein unärer Minus-Operator zugewiesen. Das Ergebnis ist weiterhin vorzeichenlos.
C:\Users\lukas\Documents\Bachelorarbeit\VulkanBase\lib\gdcm-3.0.10\Utilities\gdcmjpeg\jdlhuff.c(137,58): warning C4146: Einem vorzeichenlosen Typ wurde ein unärer Minus-Operator zugewiesen. Das Ergebnis ist weiterhin vorzeichenlos.
C:\Users\lukas\Documents\Bachelorarbeit\VulkanBase\lib\gdcm-3.0.10\Utilities\gdcmjpeg\jdlhuff.c(138,7): warning C4146: Einem vorzeichenlosen Typ wurde ein unärer Minus-Operator zugewiesen. Das Ergebnis ist weiterhin vorzeichenlos.
C:\Users\lukas\Documents\Bachelorarbeit\VulkanBase\lib\gdcm-3.0.10\Utilities\gdcmjpeg\jdlhuff.c(138,23): warning C4146: Einem vorzeichenlosen Typ wurde ein unärer Minus-Operator zugewiesen. Das Ergebnis ist weiterhin vorzeichenlos.
C:\Users\lukas\Documents\Bachelorarbeit\VulkanBase\lib\gdcm-3.0.10\Utilities\gdcmjpeg\jdlhuff.c(138,39): warning C4146: Einem vorzeichenlosen Typ wurde ein unärer Minus-Operator zugewiesen. Das Ergebnis ist weiterhin vorzeichenlos.
C:\Users\lukas\Documents\Bachelorarbeit\VulkanBase\lib\gdcm-3.0.10\Utilities\gdcmjpeg\jdlhuff.c(138,55): warning C4146: Einem vorzeichenlosen Typ wurde ein unärer Minus-Operator zugewiesen. Das Ergebnis ist weiterhin vorzeichenlos.
C:\Users\lukas\Documents\Bachelorarbeit\VulkanBase\lib\gdcm-3.0.10\Utilities\gdcmjpeg\jdlhuff.c(139,7): warning C4146: Einem vorzeichenlosen Typ wurde ein unärer Minus-Operator zugewiesen. Das Ergebnis ist weiterhin vorzeichenlos.
C:\Users\lukas\Documents\Bachelorarbeit\VulkanBase\lib\gdcm-3.0.10\Utilities\gdcmjpeg\jdlhuff.c(139,23): warning C4146: Einem vorzeichenlosen Typ wurde ein unärer Minus-Operator zugewiesen. Das Ergebnis ist weiterhin vorzeichenlos.
C:\Users\lukas\Documents\Bachelorarbeit\VulkanBase\lib\gdcm-3.0.10\Utilities\gdcmjpeg\jdlhuff.c(139,40): warning C4146: Einem vorzeichenlosen Typ wurde ein unärer Minus-Operator zugewiesen. Das Ergebnis ist weiterhin vorzeichenlos.
C:\Users\lukas\Documents\Bachelorarbeit\VulkanBase\lib\gdcm-3.0.10\Utilities\gdcmjpeg\jdlhuff.c(139,57): warning C4146: Einem vorzeichenlosen Typ wurde ein unärer Minus-Operator zugewiesen. Das Ergebnis ist weiterhin vorzeichenlos.
C:\Users\lukas\Documents\Bachelorarbeit\VulkanBase\lib\gdcm-3.0.10\Utilities\gdcmjpeg\jdlhuff.c(140,7): warning C4146: Einem vorzeichenlosen Typ wurde ein unärer Minus-Operator zugewiesen. Das Ergebnis ist weiterhin vorzeichenlos.
C:\Users\lukas\Documents\Bachelorarbeit\VulkanBase\lib\gdcm-3.0.10\Utilities\gdcmjpeg\jdlhuff.c(140,24): warning C4146: Einem vorzeichenlosen Typ wurde ein unärer Minus-Operator zugewiesen. Das Ergebnis ist weiterhin vorzeichenlos.
C:\Users\lukas\Documents\Bachelorarbeit\VulkanBase\lib\gdcm-3.0.10\Utilities\gdcmjpeg\jdlhuff.c(140,41): warning C4146: Einem vorzeichenlosen Typ wurde ein unärer Minus-Operator zugewiesen. Das Ergebnis ist weiterhin vorzeichenlos.
  jddiffct.c
  jdpred.c
  jdscale.c
  Code wird generiert...
  Kompilieren...
  jdshuff.c
C:\Users\lukas\Documents\Bachelorarbeit\VulkanBase\lib\gdcm-3.0.10\Utilities\gdcmjpeg\jdshuff.c(160,10): warning C4146: Einem vorzeichenlosen Typ wurde ein unärer Minus-Operator zugewiesen. Das Ergebnis ist weiterhin vorzeichenlos.
C:\Users\lukas\Documents\Bachelorarbeit\VulkanBase\lib\gdcm-3.0.10\Utilities\gdcmjpeg\jdshuff.c(160,26): warning C4146: Einem vorzeichenlosen Typ wurde ein unärer Minus-Operator zugewiesen. Das Ergebnis ist weiterhin vorzeichenlos.
C:\Users\lukas\Documents\Bachelorarbeit\VulkanBase\lib\gdcm-3.0.10\Utilities\gdcmjpeg\jdshuff.c(160,42): warning C4146: Einem vorzeichenlosen Typ wurde ein unärer Minus-Operator zugewiesen. Das Ergebnis ist weiterhin vorzeichenlos.
C:\Users\lukas\Documents\Bachelorarbeit\VulkanBase\lib\gdcm-3.0.10\Utilities\gdcmjpeg\jdshuff.c(160,58): warning C4146: Einem vorzeichenlosen Typ wurde ein unärer Minus-Operator zugewiesen. Das Ergebnis ist weiterhin vorzeichenlos.
C:\Users\lukas\Documents\Bachelorarbeit\VulkanBase\lib\gdcm-3.0.10\Utilities\gdcmjpeg\jdshuff.c(161,7): warning C4146: Einem vorzeichenlosen Typ wurde ein unärer Minus-Operator zugewiesen. Das Ergebnis ist weiterhin vorzeichenlos.
C:\Users\lukas\Documents\Bachelorarbeit\VulkanBase\lib\gdcm-3.0.10\Utilities\gdcmjpeg\jdshuff.c(161,23): warning C4146: Einem vorzeichenlosen Typ wurde ein unärer Minus-Operator zugewiesen. Das Ergebnis ist weiterhin vorzeichenlos.
C:\Users\lukas\Documents\Bachelorarbeit\VulkanBase\lib\gdcm-3.0.10\Utilities\gdcmjpeg\jdshuff.c(161,39): warning C4146: Einem vorzeichenlosen Typ wurde ein unärer Minus-Operator zugewiesen. Das Ergebnis ist weiterhin vorzeichenlos.
C:\Users\lukas\Documents\Bachelorarbeit\VulkanBase\lib\gdcm-3.0.10\Utilities\gdcmjpeg\jdshuff.c(161,55): warning C4146: Einem vorzeichenlosen Typ wurde ein unärer Minus-Operator zugewiesen. Das Ergebnis ist weiterhin vorzeichenlos.
C:\Users\lukas\Documents\Bachelorarbeit\VulkanBase\lib\gdcm-3.0.10\Utilities\gdcmjpeg\jdshuff.c(162,7): warning C4146: Einem vorzeichenlosen Typ wurde ein unärer Minus-Operator zugewiesen. Das Ergebnis ist weiterhin vorzeichenlos.
C:\Users\lukas\Documents\Bachelorarbeit\VulkanBase\lib\gdcm-3.0.10\Utilities\gdcmjpeg\jdshuff.c(162,23): warning C4146: Einem vorzeichenlosen Typ wurde ein unärer Minus-Operator zugewiesen. Das Ergebnis ist weiterhin vorzeichenlos.
C:\Users\lukas\Documents\Bachelorarbeit\VulkanBase\lib\gdcm-3.0.10\Utilities\gdcmjpeg\jdshuff.c(162,40): warning C4146: Einem vorzeichenlosen Typ wurde ein unärer Minus-Operator zugewiesen. Das Ergebnis ist weiterhin vorzeichenlos.
C:\Users\lukas\Documents\Bachelorarbeit\VulkanBase\lib\gdcm-3.0.10\Utilities\gdcmjpeg\jdshuff.c(162,57): warning C4146: Einem vorzeichenlosen Typ wurde ein unärer Minus-Operator zugewiesen. Das Ergebnis ist weiterhin vorzeichenlos.
C:\Users\lukas\Documents\Bachelorarbeit\VulkanBase\lib\gdcm-3.0.10\Utilities\gdcmjpeg\jdshuff.c(163,7): warning C4146: Einem vorzeichenlosen Typ wurde ein unärer Minus-Operator zugewiesen. Das Ergebnis ist weiterhin vorzeichenlos.
C:\Users\lukas\Documents\Bachelorarbeit\VulkanBase\lib\gdcm-3.0.10\Utilities\gdcmjpeg\jdshuff.c(163,24): warning C4146: Einem vorzeichenlosen Typ wurde ein unärer Minus-Operator zugewiesen. Das Ergebnis ist weiterhin vorzeichenlos.
C:\Users\lukas\Documents\Bachelorarbeit\VulkanBase\lib\gdcm-3.0.10\Utilities\gdcmjpeg\jdshuff.c(163,41): warning C4146: Einem vorzeichenlosen Typ wurde ein unärer Minus-Operator zugewiesen. Das Ergebnis ist weiterhin vorzeichenlos.
  Code wird generiert...
     Bibliothek "C:/Users/lukas/Documents/Bachelorarbeit/VulkanBase/lib/gdcm/bin/Release/gdcmjpeg8.lib" und Objekt "C:/Users/lukas/Documents/Bachelorarbeit/VulkanBase/lib/gdcm/bin/Release/gdcmjpeg8.exp" werden erstellt.
  gdcmjpeg8.vcxproj -> C:\Users\lukas\Documents\Bachelorarbeit\VulkanBase\lib\gdcm\bin\Release\gdcmjpeg8.dll
