  Building Custom Rule C:/Users/lukas/Documents/Bachelorarbeit/VulkanBase/lib/gdcm-3.0.10/Source/MediaStorageAndFileFormat/CMakeLists.txt
  gdcmEmptyMaskGenerator.cxx
  gdcmEquipmentManufacturer.cxx
  gdcmFileStreamer.cxx
  gdcmJSON.cxx
  gdcmFileChangeTransferSyntax.cxx
  gdcmAnonymizer.cxx
  gdcmFileAnonymizer.cxx
  gdcmIconImageFilter.cxx
  gdcmIconImageGenerator.cxx
  gdcmDICOMDIRGenerator.cxx
  gdcmSpacing.cxx
  gdcmFileExplicitFilter.cxx
  gdcmFileDerivation.cxx
  gdcmImageFragmentSplitter.cxx
  gdcmTagPath.cxx
  gdcmSimpleSubjectWatcher.cxx
  gdcmAnonymizeEvent.cxx
  gdcmPixmap.cxx
  gdcmBitmap.cxx
  gdcmRescaler.cxx
  Code wird generiert...
  Kompilieren...
  gdcmImageToImageFilter.cxx
  gdcmBitmapToBitmapFilter.cxx
  gdcmPixmapToPixmapFilter.cxx
  gdcmImageChangeTransferSyntax.cxx
  gdcmImageApplyLookupTable.cxx
  gdcmFileDecompressLookupTable.cxx
  gdcmOrientation.cxx
  gdcmDataSetHelper.cxx
  gdcmImageChangePlanarConfiguration.cxx
  gdcmImageChangePhotometricInterpretation.cxx
  gdcmDirectionCosines.cxx
  gdcmSorter.cxx
  gdcmSerieHelper.cxx
  gdcmIPPSorter.cxx
  gdcmApplicationEntity.cxx
  gdcmDICOMDIR.cxx
  gdcmSpectroscopy.cxx
  gdcmEncapsulatedDocument.cxx
  gdcmSplitMosaicFilter.cxx
  gdcmFiducials.cxx
  Code wird generiert...
  Kompilieren...
  gdcmWaveform.cxx
  gdcmPersonName.cxx
  gdcmIconImage.cxx
  gdcmUIDGenerator.cxx
  gdcmUUIDGenerator.cxx
  gdcmPrinter.cxx
  gdcmDictPrinter.cxx
  gdcmXMLPrinter.cxx
  gdcmScanner.cxx
  gdcmStrictScanner.cxx
  gdcmPixmapReader.cxx
  gdcmImageReader.cxx
  gdcmPixmapWriter.cxx
  gdcmImageWriter.cxx
  gdcmStringFilter.cxx
C:\Users\lukas\Documents\Bachelorarbeit\VulkanBase\lib\gdcm-3.0.10\Source\MediaStorageAndFileFormat\gdcmStringFilter.cxx(568,39): warning C4267: "Argument": Konvertierung von "size_t" nach "uint32_t", Datenverlust möglich
  gdcmImageHelper.cxx
  gdcmValidate.cxx
  gdcmDumper.cxx
  gdcmImage.cxx
  gdcmImageConverter.cxx
  Code wird generiert...
  Kompilieren...
  gdcmImageCodec.cxx
  gdcmJPEG12Codec.cxx
  gdcmRLECodec.cxx
  gdcmPDFCodec.cxx
  gdcmAudioCodec.cxx
  gdcmJPEG16Codec.cxx
  gdcmJPEG8Codec.cxx
  gdcmJPEGCodec.cxx
  gdcmPVRGCodec.cxx
  gdcmKAKADUCodec.cxx
  gdcmPNMCodec.cxx
  gdcmPGXCodec.cxx
  gdcmRAWCodec.cxx
  gdcmLookupTable.cxx
  gdcmOverlay.cxx
  gdcmCurve.cxx
  gdcmPhotometricInterpretation.cxx
  gdcmPixelFormat.cxx
  gdcmSegmentedPaletteColorLookupTable.cxx
  gdcmStreamImageReader.cxx
  Code wird generiert...
  Kompilieren...
  gdcmImageRegionReader.cxx
  gdcmDirectoryHelper.cxx
  gdcmSegment.cxx
  gdcmSurface.cxx
  gdcmMeshPrimitive.cxx
  gdcmSegmentWriter.cxx
  gdcmSurfaceWriter.cxx
  gdcmSegmentReader.cxx
  gdcmSurfaceReader.cxx
  gdcmSurfaceHelper.cxx
  gdcmSegmentHelper.cxx
  gdcmJPEG2000Codec.cxx
  rle.cxx
C:\Users\lukas\Documents\Bachelorarbeit\VulkanBase\lib\gdcm-3.0.10\Utilities\gdcmrle\rle.cxx(131,61): warning C4267: "Argument": Konvertierung von "size_t" nach "int", Datenverlust möglich
C:\Users\lukas\Documents\Bachelorarbeit\VulkanBase\lib\gdcm-3.0.10\Utilities\gdcmrle\rle.cxx(272,96): warning C4267: "Argument": Konvertierung von "size_t" nach "int", Datenverlust möglich
C:\Users\lukas\Documents\Bachelorarbeit\VulkanBase\lib\gdcm-3.0.10\Utilities\gdcmrle\rle.cxx(280,42): warning C4267: "Argument": Konvertierung von "size_t" nach "int", Datenverlust möglich
C:\Users\lukas\Documents\Bachelorarbeit\VulkanBase\lib\gdcm-3.0.10\Utilities\gdcmrle\rle.cxx(335,15): warning C4244: "return": Konvertierung von "__int64" in "int", möglicher Datenverlust
C:\Users\lukas\Documents\Bachelorarbeit\VulkanBase\lib\gdcm-3.0.10\Utilities\gdcmrle\rle.cxx(464,60): warning C4244: "Initialisierung": Konvertierung von "__int64" in "int", möglicher Datenverlust
C:\Users\lukas\Documents\Bachelorarbeit\VulkanBase\lib\gdcm-3.0.10\Utilities\gdcmrle\rle.cxx(464,22): warning C4244: "Initialisierung": Konvertierung von "__int64" in "const int", möglicher Datenverlust
C:\Users\lukas\Documents\Bachelorarbeit\VulkanBase\lib\gdcm-3.0.10\Utilities\gdcmrle\rle.cxx(484,58): warning C4244: "Initialisierung": Konvertierung von "__int64" in "int", möglicher Datenverlust
C:\Users\lukas\Documents\Bachelorarbeit\VulkanBase\lib\gdcm-3.0.10\Utilities\gdcmrle\rle.cxx(484,22): warning C4244: "Initialisierung": Konvertierung von "__int64" in "const int", möglicher Datenverlust
C:\Users\lukas\Documents\Bachelorarbeit\VulkanBase\lib\gdcm-3.0.10\Utilities\gdcmrle\rle.cxx(533,29): warning C4267: "Argument": Konvertierung von "size_t" nach "int", Datenverlust möglich
  info.cxx
  io.cxx
C:\Users\lukas\Documents\Bachelorarbeit\VulkanBase\lib\gdcm-3.0.10\Utilities\gdcmrle\io.cxx(80,38): warning C4267: "Argument": Konvertierung von "size_t" nach "rle::source::streampos_t", Datenverlust möglich
C:\Users\lukas\Documents\Bachelorarbeit\VulkanBase\lib\gdcm-3.0.10\Utilities\gdcmrle\io.cxx(84,33): warning C4267: "Argument": Konvertierung von "size_t" nach "rle::source::streampos_t", Datenverlust möglich
  Code wird generiert...
  gdcmJPEGLSCodec.cxx
     Bibliothek "C:/Users/lukas/Documents/Bachelorarbeit/VulkanBase/lib/gdcm/bin/Release/gdcmMSFF.lib" und Objekt "C:/Users/lukas/Documents/Bachelorarbeit/VulkanBase/lib/gdcm/bin/Release/gdcmMSFF.exp" werden erstellt.
  gdcmMSFF.vcxproj -> C:\Users\lukas\Documents\Bachelorarbeit\VulkanBase\lib\gdcm\bin\Release\gdcmMSFF.dll
