  Building Custom Rule C:/Users/lukas/Documents/Bachelorarbeit/VulkanBase/lib/gdcm-3.0.10/Utilities/socketxx/socket++/CMakeLists.txt
  sockstream.cpp
C:\Program Files (x86)\Windows Kits\10\Include\10.0.20348.0\um\winnt.h(699,1): warning C4005: "EXTERN_C_END": Makro-Neudefinition
C:\Users\lukas\Documents\Bachelorarbeit\VulkanBase\lib\gdcm\Utilities\socketxx\socket++\config.h(4): message : Siehe vorherige Definition von "EXTERN_C_END"
C:\Users\lukas\Documents\Bachelorarbeit\VulkanBase\lib\gdcm-3.0.10\Utilities\socketxx\socket++\sockstream.h(62,1): warning C4275: class "std::exception" ist keine DLL-Schnittstelle und wurde als Basisklasse für die DLL-Schnittstelle class "sockerr" verwendet
C:\Program Files\Microsoft Visual Studio\2022\Community\VC\Tools\MSVC\14.29.30133\include\vcruntime_exception.h(48): message : Siehe Deklaration von "std::exception"
C:\Users\lukas\Documents\Bachelorarbeit\VulkanBase\lib\gdcm-3.0.10\Utilities\socketxx\socket++\sockstream.h(61): message : Siehe Deklaration von "sockerr"
C:\Users\lukas\Documents\Bachelorarbeit\VulkanBase\lib\gdcm-3.0.10\Utilities\socketxx\socket++\sockstream.cpp(431,38): warning C4244: "Argument": Konvertierung von "__int64" in "int", möglicher Datenverlust
C:\Users\lukas\Documents\Bachelorarbeit\VulkanBase\lib\gdcm-3.0.10\Utilities\socketxx\socket++\sockstream.cpp(443,25): warning C4244: "Initialisierung": Konvertierung von "__int64" in "int", möglicher Datenverlust
C:\Users\lukas\Documents\Bachelorarbeit\VulkanBase\lib\gdcm-3.0.10\Utilities\socketxx\socket++\sockstream.cpp(479,48): warning C4244: "Argument": Konvertierung von "__int64" in "int", möglicher Datenverlust
C:\Users\lukas\Documents\Bachelorarbeit\VulkanBase\lib\gdcm-3.0.10\Utilities\socketxx\socket++\sockstream.cpp(581,28): warning C4244: "=": Konvertierung von "SOCKET" in "int", möglicher Datenverlust
C:\Users\lukas\Documents\Bachelorarbeit\VulkanBase\lib\gdcm-3.0.10\Utilities\socketxx\socket++\sockstream.cpp(590,28): warning C4244: "=": Konvertierung von "SOCKET" in "int", möglicher Datenverlust
  sockinet.cpp
C:\Program Files (x86)\Windows Kits\10\Include\10.0.20348.0\um\winnt.h(699,1): warning C4005: "EXTERN_C_END": Makro-Neudefinition
C:\Users\lukas\Documents\Bachelorarbeit\VulkanBase\lib\gdcm\Utilities\socketxx\socket++\config.h(4): message : Siehe vorherige Definition von "EXTERN_C_END"
C:\Users\lukas\Documents\Bachelorarbeit\VulkanBase\lib\gdcm\Utilities\socketxx\socket++\config.h(4,1): warning C4005: "EXTERN_C_END": Makro-Neudefinition
C:\Program Files (x86)\Windows Kits\10\Include\10.0.20348.0\um\winnt.h(699): message : Siehe vorherige Definition von "EXTERN_C_END"
C:\Users\lukas\Documents\Bachelorarbeit\VulkanBase\lib\gdcm-3.0.10\Utilities\socketxx\socket++\sockstream.h(62,1): warning C4275: class "std::exception" ist keine DLL-Schnittstelle und wurde als Basisklasse für die DLL-Schnittstelle class "sockerr" verwendet
C:\Program Files\Microsoft Visual Studio\2022\Community\VC\Tools\MSVC\14.29.30133\include\vcruntime_exception.h(48): message : Siehe Deklaration von "std::exception"
C:\Users\lukas\Documents\Bachelorarbeit\VulkanBase\lib\gdcm-3.0.10\Utilities\socketxx\socket++\sockstream.h(61): message : Siehe Deklaration von "sockerr"
  fork.cpp
  protocol.cpp
C:\Program Files (x86)\Windows Kits\10\Include\10.0.20348.0\um\winnt.h(699,1): warning C4005: "EXTERN_C_END": Makro-Neudefinition
C:\Users\lukas\Documents\Bachelorarbeit\VulkanBase\lib\gdcm\Utilities\socketxx\socket++\config.h(4): message : Siehe vorherige Definition von "EXTERN_C_END"
C:\Users\lukas\Documents\Bachelorarbeit\VulkanBase\lib\gdcm\Utilities\socketxx\socket++\config.h(4,1): warning C4005: "EXTERN_C_END": Makro-Neudefinition
C:\Program Files (x86)\Windows Kits\10\Include\10.0.20348.0\um\winnt.h(699): message : Siehe vorherige Definition von "EXTERN_C_END"
C:\Users\lukas\Documents\Bachelorarbeit\VulkanBase\lib\gdcm-3.0.10\Utilities\socketxx\socket++\sockstream.h(62,1): warning C4275: class "std::exception" ist keine DLL-Schnittstelle und wurde als Basisklasse für die DLL-Schnittstelle class "sockerr" verwendet
C:\Program Files\Microsoft Visual Studio\2022\Community\VC\Tools\MSVC\14.29.30133\include\vcruntime_exception.h(48): message : Siehe Deklaration von "std::exception"
C:\Users\lukas\Documents\Bachelorarbeit\VulkanBase\lib\gdcm-3.0.10\Utilities\socketxx\socket++\sockstream.h(61): message : Siehe Deklaration von "sockerr"
  echo.cpp
C:\Program Files (x86)\Windows Kits\10\Include\10.0.20348.0\um\winnt.h(699,1): warning C4005: "EXTERN_C_END": Makro-Neudefinition
C:\Users\lukas\Documents\Bachelorarbeit\VulkanBase\lib\gdcm\Utilities\socketxx\socket++\config.h(4): message : Siehe vorherige Definition von "EXTERN_C_END"
C:\Users\lukas\Documents\Bachelorarbeit\VulkanBase\lib\gdcm\Utilities\socketxx\socket++\config.h(4,1): warning C4005: "EXTERN_C_END": Makro-Neudefinition
C:\Program Files (x86)\Windows Kits\10\Include\10.0.20348.0\um\winnt.h(699): message : Siehe vorherige Definition von "EXTERN_C_END"
C:\Users\lukas\Documents\Bachelorarbeit\VulkanBase\lib\gdcm-3.0.10\Utilities\socketxx\socket++\sockstream.h(62,1): warning C4275: class "std::exception" ist keine DLL-Schnittstelle und wurde als Basisklasse für die DLL-Schnittstelle class "sockerr" verwendet
C:\Program Files\Microsoft Visual Studio\2022\Community\VC\Tools\MSVC\14.29.30133\include\vcruntime_exception.h(48): message : Siehe Deklaration von "std::exception"
C:\Users\lukas\Documents\Bachelorarbeit\VulkanBase\lib\gdcm-3.0.10\Utilities\socketxx\socket++\sockstream.h(61): message : Siehe Deklaration von "sockerr"
  Code wird generiert...
     Bibliothek "C:/Users/lukas/Documents/Bachelorarbeit/VulkanBase/lib/gdcm/bin/Release/socketxx.lib" und Objekt "C:/Users/lukas/Documents/Bachelorarbeit/VulkanBase/lib/gdcm/bin/Release/socketxx.exp" werden erstellt.
  socketxx.vcxproj -> C:\Users\lukas\Documents\Bachelorarbeit\VulkanBase\lib\gdcm\bin\Release\socketxx.dll
