  Building Custom Rule C:/Users/lukas/Documents/Bachelorarbeit/VulkanBase/lib/gdcm-3.0.10/Source/MessageExchangeDefinition/CMakeLists.txt
  gdcmAAbortPDU.cxx
  gdcmAAssociateACPDU.cxx
  gdcmAAssociateRJPDU.cxx
  gdcmAAssociateRQPDU.cxx
  gdcmAbstractSyntax.cxx
  gdcmApplicationContext.cxx
  gdcmAReleaseRPPDU.cxx
  gdcmAReleaseRQPDU.cxx
  gdcmARTIMTimer.cxx
  gdcmAsynchronousOperationsWindowSub.cxx
  gdcmBaseQuery.cxx
  gdcmBaseRootQuery.cxx
  gdcmCEchoMessages.cxx
  gdcmCFindMessages.cxx
  gdcmCMoveMessages.cxx
  gdcmCommandDataSet.cxx
  gdcmCompositeMessageFactory.cxx
  gdcmCompositeNetworkFunctions.cxx
C:\Program Files (x86)\Windows Kits\10\Include\10.0.20348.0\um\winnt.h(699,1): warning C4005: "EXTERN_C_END": Makro-Neudefinition
C:\Users\lukas\Documents\Bachelorarbeit\VulkanBase\lib\gdcm\Utilities\socketxx\socket++\config.h(4): message : Siehe vorherige Definition von "EXTERN_C_END"
C:\Users\lukas\Documents\Bachelorarbeit\VulkanBase\lib\gdcm\Utilities\socketxx\socket++\config.h(4,1): warning C4005: "EXTERN_C_END": Makro-Neudefinition
C:\Program Files (x86)\Windows Kits\10\Include\10.0.20348.0\um\winnt.h(699): message : Siehe vorherige Definition von "EXTERN_C_END"
  gdcmCStoreMessages.cxx
  gdcmFindPatientRootQuery.cxx
  Code wird generiert...
  Kompilieren...
  gdcmFindStudyRootQuery.cxx
  gdcmImplementationClassUIDSub.cxx
  gdcmImplementationUIDSub.cxx
  gdcmImplementationVersionNameSub.cxx
  gdcmMaximumLengthSub.cxx
  gdcmModalityPerformedProcedureStepCreateQuery.cxx
  gdcmModalityPerformedProcedureStepSetQuery.cxx
  gdcmMovePatientRootQuery.cxx
  gdcmMoveStudyRootQuery.cxx
  gdcmNActionMessages.cxx
  gdcmNCreateMessages.cxx
  gdcmNDeleteMessages.cxx
  gdcmNEventReportMessages.cxx
  gdcmNGetMessages.cxx
  gdcmNormalizedMessageFactory.cxx
  gdcmNormalizedNetworkFunctions.cxx
C:\Program Files (x86)\Windows Kits\10\Include\10.0.20348.0\um\winnt.h(699,1): warning C4005: "EXTERN_C_END": Makro-Neudefinition
C:\Users\lukas\Documents\Bachelorarbeit\VulkanBase\lib\gdcm\Utilities\socketxx\socket++\config.h(4): message : Siehe vorherige Definition von "EXTERN_C_END"
C:\Users\lukas\Documents\Bachelorarbeit\VulkanBase\lib\gdcm\Utilities\socketxx\socket++\config.h(4,1): warning C4005: "EXTERN_C_END": Makro-Neudefinition
C:\Program Files (x86)\Windows Kits\10\Include\10.0.20348.0\um\winnt.h(699): message : Siehe vorherige Definition von "EXTERN_C_END"
  gdcmNSetMessages.cxx
  gdcmPDataTFPDU.cxx
  gdcmPDUFactory.cxx
  gdcmPresentationContext.cxx
  Code wird generiert...
  Kompilieren...
  gdcmPresentationContextAC.cxx
  gdcmPresentationContextGenerator.cxx
  gdcmPresentationContextRQ.cxx
  gdcmPresentationDataValue.cxx
  gdcmQueryBase.cxx
  gdcmQueryFactory.cxx
  gdcmQueryImage.cxx
  gdcmQueryPatient.cxx
  gdcmQuerySeries.cxx
  gdcmQueryStudy.cxx
  gdcmRoleSelectionSub.cxx
  gdcmServiceClassApplicationInformation.cxx
  gdcmServiceClassUser.cxx
  gdcmSOPClassExtendedNegociationSub.cxx
  gdcmTransferSyntaxSub.cxx
  gdcmULActionAA.cxx
C:\Program Files (x86)\Windows Kits\10\Include\10.0.20348.0\um\winnt.h(699,1): warning C4005: "EXTERN_C_END": Makro-Neudefinition
C:\Users\lukas\Documents\Bachelorarbeit\VulkanBase\lib\gdcm\Utilities\socketxx\socket++\config.h(4): message : Siehe vorherige Definition von "EXTERN_C_END"
C:\Users\lukas\Documents\Bachelorarbeit\VulkanBase\lib\gdcm\Utilities\socketxx\socket++\config.h(4,1): warning C4005: "EXTERN_C_END": Makro-Neudefinition
C:\Program Files (x86)\Windows Kits\10\Include\10.0.20348.0\um\winnt.h(699): message : Siehe vorherige Definition von "EXTERN_C_END"
  gdcmULActionAE.cxx
C:\Program Files (x86)\Windows Kits\10\Include\10.0.20348.0\um\winnt.h(699,1): warning C4005: "EXTERN_C_END": Makro-Neudefinition
C:\Users\lukas\Documents\Bachelorarbeit\VulkanBase\lib\gdcm\Utilities\socketxx\socket++\config.h(4): message : Siehe vorherige Definition von "EXTERN_C_END"
C:\Users\lukas\Documents\Bachelorarbeit\VulkanBase\lib\gdcm\Utilities\socketxx\socket++\config.h(4,1): warning C4005: "EXTERN_C_END": Makro-Neudefinition
C:\Program Files (x86)\Windows Kits\10\Include\10.0.20348.0\um\winnt.h(699): message : Siehe vorherige Definition von "EXTERN_C_END"
  gdcmULActionAR.cxx
  gdcmULActionDT.cxx
C:\Program Files (x86)\Windows Kits\10\Include\10.0.20348.0\um\winnt.h(699,1): warning C4005: "EXTERN_C_END": Makro-Neudefinition
C:\Users\lukas\Documents\Bachelorarbeit\VulkanBase\lib\gdcm\Utilities\socketxx\socket++\config.h(4): message : Siehe vorherige Definition von "EXTERN_C_END"
C:\Users\lukas\Documents\Bachelorarbeit\VulkanBase\lib\gdcm\Utilities\socketxx\socket++\config.h(4,1): warning C4005: "EXTERN_C_END": Makro-Neudefinition
C:\Program Files (x86)\Windows Kits\10\Include\10.0.20348.0\um\winnt.h(699): message : Siehe vorherige Definition von "EXTERN_C_END"
  gdcmULBasicCallback.cxx
  Code wird generiert...
  Kompilieren...
  gdcmULConnection.cxx
C:\Program Files (x86)\Windows Kits\10\Include\10.0.20348.0\um\winnt.h(699,1): warning C4005: "EXTERN_C_END": Makro-Neudefinition
C:\Users\lukas\Documents\Bachelorarbeit\VulkanBase\lib\gdcm\Utilities\socketxx\socket++\config.h(4): message : Siehe vorherige Definition von "EXTERN_C_END"
C:\Users\lukas\Documents\Bachelorarbeit\VulkanBase\lib\gdcm\Utilities\socketxx\socket++\config.h(4,1): warning C4005: "EXTERN_C_END": Makro-Neudefinition
C:\Program Files (x86)\Windows Kits\10\Include\10.0.20348.0\um\winnt.h(699): message : Siehe vorherige Definition von "EXTERN_C_END"
  gdcmULConnectionInfo.cxx
C:\Program Files (x86)\Windows Kits\10\Include\10.0.20348.0\um\winnt.h(699,1): warning C4005: "EXTERN_C_END": Makro-Neudefinition
C:\Users\lukas\Documents\Bachelorarbeit\VulkanBase\lib\gdcm\Utilities\socketxx\socket++\config.h(4): message : Siehe vorherige Definition von "EXTERN_C_END"
C:\Users\lukas\Documents\Bachelorarbeit\VulkanBase\lib\gdcm\Utilities\socketxx\socket++\config.h(4,1): warning C4005: "EXTERN_C_END": Makro-Neudefinition
C:\Program Files (x86)\Windows Kits\10\Include\10.0.20348.0\um\winnt.h(699): message : Siehe vorherige Definition von "EXTERN_C_END"
  gdcmULConnectionManager.cxx
C:\Program Files (x86)\Windows Kits\10\Include\10.0.20348.0\um\winnt.h(699,1): warning C4005: "EXTERN_C_END": Makro-Neudefinition
C:\Users\lukas\Documents\Bachelorarbeit\VulkanBase\lib\gdcm\Utilities\socketxx\socket++\config.h(4): message : Siehe vorherige Definition von "EXTERN_C_END"
C:\Users\lukas\Documents\Bachelorarbeit\VulkanBase\lib\gdcm\Utilities\socketxx\socket++\config.h(4,1): warning C4005: "EXTERN_C_END": Makro-Neudefinition
C:\Program Files (x86)\Windows Kits\10\Include\10.0.20348.0\um\winnt.h(699): message : Siehe vorherige Definition von "EXTERN_C_END"
  gdcmULTransitionTable.cxx
  gdcmULWritingCallback.cxx
  gdcmUserInformation.cxx
  gdcmWLMFindQuery.cxx
  Code wird generiert...
     Bibliothek "C:/Users/lukas/Documents/Bachelorarbeit/VulkanBase/lib/gdcm/bin/Release/gdcmMEXD.lib" und Objekt "C:/Users/lukas/Documents/Bachelorarbeit/VulkanBase/lib/gdcm/bin/Release/gdcmMEXD.exp" werden erstellt.
  gdcmMEXD.vcxproj -> C:\Users\lukas\Documents\Bachelorarbeit\VulkanBase\lib\gdcm\bin\Release\gdcmMEXD.dll
