  Generating gdcm2pnm.1
  Generating gdcm2vtk.1
  Generating gdcmanon.1
  Generating gdcmconv.1
  Generating gdcmdiff.1
CUSTOMBUILD : warning : failed to load external entity "http://docbook.sourceforge.net/release/xsl-ns/current/html/formal.xsl"
CUSTOMBUILD : compilation error : file http://docbook.sourceforge.net/release/xsl-ns/current/html/docbook.xsl line 44 element include
  xsl:include : unable to load http://docbook.sourceforge.net/release/xsl-ns/current/html/formal.xsl
CUSTOMBUILD : warning : failed to load external entity "http://docbook.sourceforge.net/release/xsl-ns/current/html/table.xsl"
CUSTOMBUILD : compilation error : file http://docbook.sourceforge.net/release/xsl-ns/current/html/docbook.xsl line 45 element include
  xsl:include : unable to load http://docbook.sourceforge.net/release/xsl-ns/current/html/table.xsl
CUSTOMBUILD : warning : failed to load external entity "http://docbook.sourceforge.net/release/xsl-ns/current/html/sections.xsl"
CUSTOMBUILD : compilation error : file http://docbook.sourceforge.net/release/xsl-ns/current/html/docbook.xsl line 47 element include
  xsl:include : unable to load http://docbook.sourceforge.net/release/xsl-ns/current/html/sections.xsl
CUSTOMBUILD : warning : failed to load external entity "http://docbook.sourceforge.net/release/xsl-ns/current/html/inline.xsl"
CUSTOMBUILD : compilation error : file http://docbook.sourceforge.net/release/xsl-ns/current/html/docbook.xsl line 48 element include
  xsl:include : unable to load http://docbook.sourceforge.net/release/xsl-ns/current/html/inline.xsl
CUSTOMBUILD : warning : failed to load external entity "http://docbook.sourceforge.net/release/xsl-ns/current/html/footnote.xsl"
CUSTOMBUILD : compilation error : file http://docbook.sourceforge.net/release/xsl-ns/current/html/docbook.xsl line 49 element include
  xsl:include : unable to load http://docbook.sourceforge.net/release/xsl-ns/current/html/footnote.xsl
CUSTOMBUILD : warning : failed to load external entity "http://docbook.sourceforge.net/release/xsl-ns/current/html/html.xsl"
CUSTOMBUILD : compilation error : file http://docbook.sourceforge.net/release/xsl-ns/current/html/docbook.xsl line 50 element include
  xsl:include : unable to load http://docbook.sourceforge.net/release/xsl-ns/current/html/html.xsl
CUSTOMBUILD : warning : failed to load external entity "http://docbook.sourceforge.net/release/xsl-ns/current/html/its.xsl"
CUSTOMBUILD : compilation error : file http://docbook.sourceforge.net/release/xsl-ns/current/html/docbook.xsl line 51 element include
  xsl:include : unable to load http://docbook.sourceforge.net/release/xsl-ns/current/html/its.xsl
CUSTOMBUILD : warning : failed to load external entity "http://docbook.sourceforge.net/release/xsl-ns/current/html/keywords.xsl"
CUSTOMBUILD : compilation error : file http://docbook.sourceforge.net/release/xsl-ns/current/html/docbook.xsl line 53 element include
  xsl:include : unable to load http://docbook.sourceforge.net/release/xsl-ns/current/html/keywords.xsl
CUSTOMBUILD : warning : failed to load external entity "http://docbook.sourceforge.net/release/xsl-ns/current/html/division.xsl"
CUSTOMBUILD : compilation error : file http://docbook.sourceforge.net/release/xsl-ns/current/html/docbook.xsl line 54 element include
  xsl:include : unable to load http://docbook.sourceforge.net/release/xsl-ns/current/html/division.xsl
CUSTOMBUILD : warning : failed to load external entity "http://docbook.sourceforge.net/release/xsl-ns/current/html/toc.xsl"
CUSTOMBUILD : compilation error : file http://docbook.sourceforge.net/release/xsl-ns/current/html/docbook.xsl line 55 element include
  xsl:include : unable to load http://docbook.sourceforge.net/release/xsl-ns/current/html/toc.xsl
CUSTOMBUILD : warning : failed to load external entity "http://docbook.sourceforge.net/release/xsl-ns/current/html/index.xsl"
CUSTOMBUILD : compilation error : file http://docbook.sourceforge.net/release/xsl-ns/current/html/docbook.xsl line 56 element include
  xsl:include : unable to load http://docbook.sourceforge.net/release/xsl-ns/current/html/index.xsl
CUSTOMBUILD : warning : failed to load external entity "http://docbook.sourceforge.net/release/xsl-ns/current/html/math.xsl"
CUSTOMBUILD : compilation error : file http://docbook.sourceforge.net/release/xsl-ns/current/html/docbook.xsl line 58 element include
  xsl:include : unable to load http://docbook.sourceforge.net/release/xsl-ns/current/html/math.xsl
CUSTOMBUILD : warning : failed to load external entity "http://docbook.sourceforge.net/release/xsl-ns/current/html/admon.xsl"
CUSTOMBUILD : compilation error : file http://docbook.sourceforge.net/release/xsl-ns/current/html/docbook.xsl line 59 element include
  xsl:include : unable to load http://docbook.sourceforge.net/release/xsl-ns/current/html/admon.xsl
CUSTOMBUILD : warning : failed to load external entity "http://docbook.sourceforge.net/release/xsl-ns/current/html/component.xsl"
CUSTOMBUILD : compilation error : file http://docbook.sourceforge.net/release/xsl-ns/current/html/docbook.xsl line 60 element include
  xsl:include : unable to load http://docbook.sourceforge.net/release/xsl-ns/current/html/component.xsl
CUSTOMBUILD : warning : failed to load external entity "http://docbook.sourceforge.net/release/xsl-ns/current/html/biblio.xsl"
CUSTOMBUILD : compilation error : file http://docbook.sourceforge.net/release/xsl-ns/current/html/docbook.xsl line 61 element include
  xsl:include : unable to load http://docbook.sourceforge.net/release/xsl-ns/current/html/biblio.xsl
CUSTOMBUILD : warning : failed to load external entity "http://docbook.sourceforge.net/release/xsl-ns/current/html/glossary.xsl"
CUSTOMBUILD : compilation error : file http://docbook.sourceforge.net/release/xsl-ns/current/html/docbook.xsl line 63 element include
  xsl:include : unable to load http://docbook.sourceforge.net/release/xsl-ns/current/html/glossary.xsl
CUSTOMBUILD : warning : failed to load external entity "http://docbook.sourceforge.net/release/xsl-ns/current/html/block.xsl"
CUSTOMBUILD : compilation error : file http://docbook.sourceforge.net/release/xsl-ns/current/html/docbook.xsl line 64 element include
  xsl:include : unable to load http://docbook.sourceforge.net/release/xsl-ns/current/html/block.xsl
CUSTOMBUILD : warning : failed to load external entity "http://docbook.sourceforge.net/release/xsl-ns/current/html/task.xsl"
CUSTOMBUILD : compilation error : file http://docbook.sourceforge.net/release/xsl-ns/current/html/docbook.xsl line 65 element include
  xsl:include : unable to load http://docbook.sourceforge.net/release/xsl-ns/current/html/task.xsl
CUSTOMBUILD : warning : failed to load external entity "http://docbook.sourceforge.net/release/xsl-ns/current/html/synop.xsl"
CUSTOMBUILD : compilation error : file http://docbook.sourceforge.net/release/xsl-ns/current/html/docbook.xsl line 67 element include
  xsl:include : unable to load http://docbook.sourceforge.net/release/xsl-ns/current/html/synop.xsl
CUSTOMBUILD : warning : failed to load external entity "http://docbook.sourceforge.net/release/xsl-ns/current/html/titlepage.xsl"
CUSTOMBUILD : compilation error : file http://docbook.sourceforge.net/release/xsl-ns/current/html/docbook.xsl line 68 element include
  xsl:include : unable to load http://docbook.sourceforge.net/release/xsl-ns/current/html/titlepage.xsl
CUSTOMBUILD : warning : failed to load external entity "http://docbook.sourceforge.net/release/xsl-ns/current/html/titlepage.templates.xsl"
CUSTOMBUILD : compilation error : file http://docbook.sourceforge.net/release/xsl-ns/current/html/docbook.xsl line 69 element include
  xsl:include : unable to load http://docbook.sourceforge.net/release/xsl-ns/current/html/titlepage.templates.xsl
CUSTOMBUILD : warning : failed to load external entity "http://docbook.sourceforge.net/release/xsl-ns/current/html/pi.xsl"
CUSTOMBUILD : compilation error : file http://docbook.sourceforge.net/release/xsl-ns/current/html/docbook.xsl line 70 element include
  xsl:include : unable to load http://docbook.sourceforge.net/release/xsl-ns/current/html/pi.xsl
CUSTOMBUILD : warning : failed to load external entity "http://docbook.sourceforge.net/release/xsl-ns/current/html/chunker.xsl"
CUSTOMBUILD : compilation error : file http://docbook.sourceforge.net/release/xsl-ns/current/html/docbook.xsl line 72 element include
  xsl:include : unable to load http://docbook.sourceforge.net/release/xsl-ns/current/html/chunker.xsl
CUSTOMBUILD : warning : failed to load external entity "http://docbook.sourceforge.net/release/xsl-ns/current/html/html-rtf.xsl"
CUSTOMBUILD : compilation error : file http://docbook.sourceforge.net/release/xsl-ns/current/html/docbook.xsl line 73 element include
  xsl:include : unable to load http://docbook.sourceforge.net/release/xsl-ns/current/html/html-rtf.xsl
CUSTOMBUILD : warning : failed to load external entity "http://docbook.sourceforge.net/release/xsl-ns/current/html/annotations.xsl"
CUSTOMBUILD : compilation error : file http://docbook.sourceforge.net/release/xsl-ns/current/html/docbook.xsl line 74 element include
  xsl:include : unable to load http://docbook.sourceforge.net/release/xsl-ns/current/html/annotations.xsl
CUSTOMBUILD : warning : failed to load external entity "http://docbook.sourceforge.net/release/xsl-ns/current/common/addns.xsl"
CUSTOMBUILD : compilation error : file http://docbook.sourceforge.net/release/xsl-ns/current/html/docbook.xsl line 75 element include
  xsl:include : unable to load http://docbook.sourceforge.net/release/xsl-ns/current/common/addns.xsl
CUSTOMBUILD : warning : failed to load external entity "http://docbook.sourceforge.net/release/xsl-ns/current/html/publishers.xsl"
CUSTOMBUILD : compilation error : file http://docbook.sourceforge.net/release/xsl-ns/current/html/docbook.xsl line 76 element include
  xsl:include : unable to load http://docbook.sourceforge.net/release/xsl-ns/current/html/publishers.xsl
CUSTOMBUILD : warning : failed to load external entity "http://docbook.sourceforge.net/release/xsl-ns/current/manpages/html-synop.xsl"
CUSTOMBUILD : compilation error : file http://docbook.sourceforge.net/release/xsl-ns/current/manpages/docbook.xsl line 13 element import
  xsl:import : unable to load http://docbook.sourceforge.net/release/xsl-ns/current/manpages/html-synop.xsl
CUSTOMBUILD : warning : failed to load external entity "http://docbook.sourceforge.net/release/xsl-ns/current/common/refentry.xsl"
CUSTOMBUILD : compilation error : file http://docbook.sourceforge.net/release/xsl-ns/current/manpages/docbook.xsl line 29 element include
  xsl:include : unable to load http://docbook.sourceforge.net/release/xsl-ns/current/common/refentry.xsl
CUSTOMBUILD : warning : failed to load external entity "http://docbook.sourceforge.net/release/xsl-ns/current/common/charmap.xsl"
CUSTOMBUILD : compilation error : file http://docbook.sourceforge.net/release/xsl-ns/current/manpages/docbook.xsl line 30 element include
  xsl:include : unable to load http://docbook.sourceforge.net/release/xsl-ns/current/common/charmap.xsl
CUSTOMBUILD : warning : failed to load external entity "http://docbook.sourceforge.net/release/xsl-ns/current/manpages/param.xsl"
CUSTOMBUILD : compilation error : file http://docbook.sourceforge.net/release/xsl-ns/current/manpages/docbook.xsl line 31 element include
  xsl:include : unable to load http://docbook.sourceforge.net/release/xsl-ns/current/manpages/param.xsl
CUSTOMBUILD : warning : failed to load external entity "http://docbook.sourceforge.net/release/xsl-ns/current/manpages/info.xsl"
CUSTOMBUILD : compilation error : file http://docbook.sourceforge.net/release/xsl-ns/current/manpages/docbook.xsl line 33 element include
  xsl:include : unable to load http://docbook.sourceforge.net/release/xsl-ns/current/manpages/info.xsl
CUSTOMBUILD : warning : failed to load external entity "http://docbook.sourceforge.net/release/xsl-ns/current/manpages/other.xsl"
CUSTOMBUILD : compilation error : file http://docbook.sourceforge.net/release/xsl-ns/current/manpages/docbook.xsl line 34 element include
  xsl:include : unable to load http://docbook.sourceforge.net/release/xsl-ns/current/manpages/other.xsl
CUSTOMBUILD : warning : failed to load external entity "http://docbook.sourceforge.net/release/xsl-ns/current/manpages/refentry.xsl"
CUSTOMBUILD : compilation error : file http://docbook.sourceforge.net/release/xsl-ns/current/manpages/docbook.xsl line 35 element include
  xsl:include : unable to load http://docbook.sourceforge.net/release/xsl-ns/current/manpages/refentry.xsl
CUSTOMBUILD : warning : failed to load external entity "http://docbook.sourceforge.net/release/xsl-ns/current/manpages/block.xsl"
CUSTOMBUILD : compilation error : file http://docbook.sourceforge.net/release/xsl-ns/current/manpages/docbook.xsl line 36 element include
  xsl:include : unable to load http://docbook.sourceforge.net/release/xsl-ns/current/manpages/block.xsl
CUSTOMBUILD : warning : failed to load external entity "http://docbook.sourceforge.net/release/xsl-ns/current/manpages/synop.xsl"
CUSTOMBUILD : compilation error : file http://docbook.sourceforge.net/release/xsl-ns/current/manpages/docbook.xsl line 38 element include
  xsl:include : unable to load http://docbook.sourceforge.net/release/xsl-ns/current/manpages/synop.xsl
CUSTOMBUILD : warning : failed to load external entity "http://docbook.sourceforge.net/release/xsl-ns/current/manpages/lists.xsl"
CUSTOMBUILD : compilation error : file http://docbook.sourceforge.net/release/xsl-ns/current/manpages/docbook.xsl line 39 element include
  xsl:include : unable to load http://docbook.sourceforge.net/release/xsl-ns/current/manpages/lists.xsl
CUSTOMBUILD : warning : failed to load external entity "http://docbook.sourceforge.net/release/xsl-ns/current/manpages/endnotes.xsl"
CUSTOMBUILD : compilation error : file http://docbook.sourceforge.net/release/xsl-ns/current/manpages/docbook.xsl line 40 element include
  xsl:include : unable to load http://docbook.sourceforge.net/release/xsl-ns/current/manpages/endnotes.xsl
CUSTOMBUILD : warning : failed to load external entity "http://docbook.sourceforge.net/release/xsl-ns/current/manpages/table.xsl"
CUSTOMBUILD : compilation error : file http://docbook.sourceforge.net/release/xsl-ns/current/manpages/docbook.xsl line 41 element include
  xsl:include : unable to load http://docbook.sourceforge.net/release/xsl-ns/current/manpages/table.xsl
CUSTOMBUILD : warning : failed to load external entity "http://docbook.sourceforge.net/release/xsl-ns/current/manpages/pi.xsl"
CUSTOMBUILD : compilation error : file http://docbook.sourceforge.net/release/xsl-ns/current/manpages/docbook.xsl line 42 element include
  xsl:include : unable to load http://docbook.sourceforge.net/release/xsl-ns/current/manpages/pi.xsl
CUSTOMBUILD : compilation error : file C:/Users/lukas/Documents/Bachelorarbeit/VulkanBase/lib/gdcm/Utilities/doxygen/gdcmdiff.xml line 4 element refentry
  xsltParseStylesheetProcess : document is not a stylesheet
C:\Program Files\Microsoft Visual Studio\2022\Community\MSBuild\Microsoft\VC\v160\Microsoft.CppCommon.targets(241,5): error MSB8066: Der benutzerdefinierte Build für "C:\Users\lukas\Documents\Bachelorarbeit\VulkanBase\lib\gdcm\CMakeFiles\f049a3bf4eac606b2666f3e39d031cad\gdcm2pnm.1.rule;C:\Users\lukas\Documents\Bachelorarbeit\VulkanBase\lib\gdcm\CMakeFiles\f049a3bf4eac606b2666f3e39d031cad\gdcm2vtk.1.rule;C:\Users\lukas\Documents\Bachelorarbeit\VulkanBase\lib\gdcm\CMakeFiles\f049a3bf4eac606b2666f3e39d031cad\gdcmanon.1.rule;C:\Users\lukas\Documents\Bachelorarbeit\VulkanBase\lib\gdcm\CMakeFiles\f049a3bf4eac606b2666f3e39d031cad\gdcmconv.1.rule;C:\Users\lukas\Documents\Bachelorarbeit\VulkanBase\lib\gdcm\CMakeFiles\f049a3bf4eac606b2666f3e39d031cad\gdcmdiff.1.rule;C:\Users\lukas\Documents\Bachelorarbeit\VulkanBase\lib\gdcm\CMakeFiles\f049a3bf4eac606b2666f3e39d031cad\gdcmdump.1.rule;C:\Users\lukas\Documents\Bachelorarbeit\VulkanBase\lib\gdcm\CMakeFiles\f049a3bf4eac606b2666f3e39d031cad\gdcmgendir.1.rule;C:\Users\lukas\Documents\Bachelorarbeit\VulkanBase\lib\gdcm\CMakeFiles\f049a3bf4eac606b2666f3e39d031cad\gdcmimg.1.rule;C:\Users\lukas\Documents\Bachelorarbeit\VulkanBase\lib\gdcm\CMakeFiles\f049a3bf4eac606b2666f3e39d031cad\gdcminfo.1.rule;C:\Users\lukas\Documents\Bachelorarbeit\VulkanBase\lib\gdcm\CMakeFiles\f049a3bf4eac606b2666f3e39d031cad\gdcmpap3.1.rule;C:\Users\lukas\Documents\Bachelorarbeit\VulkanBase\lib\gdcm\CMakeFiles\f049a3bf4eac606b2666f3e39d031cad\gdcmpdf.1.rule;C:\Users\lukas\Documents\Bachelorarbeit\VulkanBase\lib\gdcm\CMakeFiles\f049a3bf4eac606b2666f3e39d031cad\gdcmraw.1.rule;C:\Users\lukas\Documents\Bachelorarbeit\VulkanBase\lib\gdcm\CMakeFiles\f049a3bf4eac606b2666f3e39d031cad\gdcmscanner.1.rule;C:\Users\lukas\Documents\Bachelorarbeit\VulkanBase\lib\gdcm\CMakeFiles\f049a3bf4eac606b2666f3e39d031cad\gdcmscu.1.rule;C:\Users\lukas\Documents\Bachelorarbeit\VulkanBase\lib\gdcm\CMakeFiles\f049a3bf4eac606b2666f3e39d031cad\gdcmtar.1.rule;C:\Users\lukas\Documents\Bachelorarbeit\VulkanBase\lib\gdcm\CMakeFiles\f049a3bf4eac606b2666f3e39d031cad\gdcmviewer.1.rule;C:\Users\lukas\Documents\Bachelorarbeit\VulkanBase\lib\gdcm\CMakeFiles\f049a3bf4eac606b2666f3e39d031cad\gdcmxml.1.rule;C:\Users\lukas\Documents\Bachelorarbeit\VulkanBase\lib\gdcm\CMakeFiles\cc70280cebd23c222b850260bce94b39\DOCBOOK_MANPAGES.rule" wurde mit dem Code 5 beendet.
