  Building Custom Rule C:/Users/lukas/Documents/Bachelorarbeit/VulkanBase/lib/gdcm-3.0.10/Source/DataStructureAndEncodingDefinition/CMakeLists.txt
  gdcmByteValue.cxx
  gdcmDataElement.cxx
  gdcmDataSet.cxx
  gdcmExplicitDataElement.cxx
  gdcmFile.cxx
  gdcmFileMetaInformation.cxx
  gdcmFragment.cxx
  gdcmImplicitDataElement.cxx
  gdcmItem.cxx
  gdcmMediaStorage.cxx
  gdcmPrivateTag.cxx
  gdcmReader.cxx
  gdcmSequenceOfFragments.cxx
  gdcmSequenceOfItems.cxx
  gdcmValue.cxx
  gdcmReader.strict.cxx
  gdcmTag.cxx
  gdcmTagToVR.cxx
  gdcmCodeString.cxx
  gdcmFileSet.cxx
  Code wird generiert...
  Kompilieren...
  gdcmByteSwapFilter.cxx
  gdcmUNExplicitImplicitDataElement.cxx
  gdcmWriter.cxx
  gdcmCSAHeader.cxx
  gdcmMrProtocol.cxx
  gdcmPDBHeader.cxx
  gdcmTransferSyntax.cxx
  gdcmVM.cxx
  gdcmVR.cxx
  gdcmPreamble.cxx
  gdcmParseException.cxx
  gdcmUNExplicitDataElement.cxx
  gdcmCP246ExplicitDataElement.cxx
  gdcmExplicitImplicitDataElement.cxx
  gdcmVR16ExplicitDataElement.cxx
  Code wird generiert...
  strict_gdcmByteValue.cxx
  strict_gdcmDataElement.cxx
  strict_gdcmDataSet.cxx
  strict_gdcmExplicitDataElement.cxx
  strict_gdcmFile.cxx
  strict_gdcmFileMetaInformation.cxx
  strict_gdcmFragment.cxx
  strict_gdcmImplicitDataElement.cxx
  strict_gdcmItem.cxx
  strict_gdcmMediaStorage.cxx
  strict_gdcmPrivateTag.cxx
  strict_gdcmReader.cxx
  strict_gdcmSequenceOfFragments.cxx
  strict_gdcmSequenceOfItems.cxx
  strict_gdcmValue.cxx
  Code wird generiert...
     Bibliothek "C:/Users/lukas/Documents/Bachelorarbeit/VulkanBase/lib/gdcm/bin/Release/gdcmDSED.lib" und Objekt "C:/Users/lukas/Documents/Bachelorarbeit/VulkanBase/lib/gdcm/bin/Release/gdcmDSED.exp" werden erstellt.
  gdcmDSED.vcxproj -> C:\Users\lukas\Documents\Bachelorarbeit\VulkanBase\lib\gdcm\bin\Release\gdcmDSED.dll
